#
# There is insufficient memory for the Java Runtime Environment to continue.
# Native memory allocation (malloc) failed to allocate 1893040 bytes for Chunk::new
# Possible reasons:
#   The system is out of physical RAM or swap space
#   The process is running with CompressedOops enabled, and the Java Heap may be blocking the growth of the native heap
# Possible solutions:
#   Reduce memory load on the system
#   Increase physical memory or swap space
#   Check if swap backing store is full
#   Decrease Java heap size (-Xmx/-Xms)
#   Decrease number of Java threads
#   Decrease Java thread stack sizes (-Xss)
#   Set larger code cache with -XX:ReservedCodeCacheSize=
#   JVM is running with Unscaled Compressed Oops mode in which the Java heap is
#     placed in the first 4GB address space. The Java Heap base address is the
#     maximum limit for the native heap growth. Please use -XX:HeapBaseMinAddress
#     to set the Java Heap base and to place the Java Heap above 4GB virtual address.
# This output file may be truncated or incomplete.
#
#  Out of Memory Error (allocation.cpp:389), pid=13620, tid=0x0000000000003ac8
#
# JRE version: OpenJDK Runtime Environment (8.0_242-b01) (build 1.8.0_242-release-1644-b01)
# Java VM: OpenJDK 64-Bit Server VM (25.242-b01 mixed mode windows-amd64 compressed oops)
# Failed to write core dump. Minidumps are not enabled by default on client versions of Windows
#

---------------  T H R E A D  ---------------

Current thread (0x000000001938b000):  JavaThread "C2 CompilerThread2" daemon [_thread_in_native, id=15048, stack(0x0000000019e50000,0x0000000019f50000)]

Stack: [0x0000000019e50000,0x0000000019f50000]
[error occurred during error reporting (printing stack bounds), id 0xc0000005]

Native frames: (J=compiled Java code, j=interpreted, Vv=VM code, C=native code)


Current CompileTask:
C2:   3949 1470       4       java.net.URLClassLoader$1::run (5 bytes)


---------------  P R O C E S S  ---------------

Java Threads: ( => current thread )
  0x000000001c194800 JavaThread "Cache worker for file hash cache (C:\Users\yantos\.gradle\caches\6.5\fileHashes)" [_thread_blocked, id=15908, stack(0x000000001e370000,0x000000001e470000)]
  0x000000001c191800 JavaThread "File lock request listener" [_thread_in_native, id=14996, stack(0x000000001e270000,0x000000001e370000)]
  0x000000001bf33000 JavaThread "Cache worker for journal cache (C:\Users\yantos\.gradle\caches\journal-1)" [_thread_blocked, id=8692, stack(0x000000001e170000,0x000000001e270000)]
  0x000000001b185000 JavaThread "Thread-9" [_thread_blocked, id=12704, stack(0x000000001de70000,0x000000001df70000)]
  0x000000001a2b5000 JavaThread "Stdin handler" [_thread_blocked, id=17544, stack(0x000000001dd70000,0x000000001de70000)]
  0x000000001be58000 JavaThread "Asynchronous log dispatcher for DefaultDaemonConnection: socket connection from /127.0.0.1:8391 to /127.0.0.1:8392" [_thread_blocked, id=13436, stack(0x000000001dc70000,0x000000001dd70000)]
  0x000000001be44800 JavaThread "Daemon worker" [_thread_in_vm, id=14076, stack(0x000000001db70000,0x000000001dc70000)]
  0x000000001be31800 JavaThread "Cancel handler" [_thread_blocked, id=18028, stack(0x000000001d970000,0x000000001da70000)]
  0x000000001be19000 JavaThread "Handler for socket connection from /127.0.0.1:8391 to /127.0.0.1:8392" [_thread_in_native, id=11872, stack(0x000000001d870000,0x000000001d970000)]
  0x000000001be13800 JavaThread "Daemon" [_thread_blocked, id=19116, stack(0x000000001d570000,0x000000001d670000)]
  0x000000001bdc8000 JavaThread "Daemon periodic checks" [_thread_blocked, id=144, stack(0x000000001d470000,0x000000001d570000)]
  0x000000001bdde000 JavaThread "Incoming local TCP Connector on port 8391" [_thread_in_native, id=12700, stack(0x000000001d230000,0x000000001d330000)]
  0x000000001bd24800 JavaThread "Daemon health stats" [_thread_blocked, id=14048, stack(0x000000001cbf0000,0x000000001ccf0000)]
  0x00000000193cc800 JavaThread "Service Thread" daemon [_thread_blocked, id=18776, stack(0x000000001a050000,0x000000001a150000)]
  0x0000000019392000 JavaThread "C1 CompilerThread3" daemon [_thread_blocked, id=6844, stack(0x0000000019f50000,0x000000001a050000)]
=>0x000000001938b000 JavaThread "C2 CompilerThread2" daemon [_thread_in_native, id=15048, stack(0x0000000019e50000,0x0000000019f50000)]
  0x0000000019387800 JavaThread "C2 CompilerThread1" daemon [_thread_in_native, id=18412, stack(0x0000000019d50000,0x0000000019e50000)]
  0x0000000019385800 JavaThread "C2 CompilerThread0" daemon [_thread_blocked, id=1628, stack(0x0000000019c50000,0x0000000019d50000)]
  0x0000000019382000 JavaThread "Attach Listener" daemon [_thread_blocked, id=10492, stack(0x0000000019b50000,0x0000000019c50000)]
  0x000000001937f000 JavaThread "Signal Dispatcher" daemon [_thread_blocked, id=17496, stack(0x0000000019a50000,0x0000000019b50000)]
  0x000000001757d000 JavaThread "Finalizer" daemon [_thread_blocked, id=11164, stack(0x0000000019850000,0x0000000019950000)]
  0x0000000019370800 JavaThread "Reference Handler" daemon [_thread_blocked, id=12584, stack(0x0000000019750000,0x0000000019850000)]
  0x000000000217e800 JavaThread "main" [_thread_blocked, id=16336, stack(0x0000000002310000,0x0000000002410000)]

Other Threads:
  0x0000000017577800 VMThread [stack: 0x0000000019250000,0x0000000019350000] [id=14396]
  0x00000000193cd800 WatcherThread [stack: 0x000000001a150000,0x000000001a250000] [id=12024]

VM state:not at safepoint (normal execution)

VM Mutex/Monitor currently owned by a thread: None

heap address: 0x0000000080000000, size: 2048 MB, Compressed Oops mode: 32-bit
Narrow klass base: 0x0000000000000000, Narrow klass shift: 3
Compressed class space size: 1073741824 Address: 0x0000000100000000

Heap:
 PSYoungGen      total 38400K, used 9088K [0x00000000d5580000, 0x00000000daa80000, 0x0000000100000000)
  eden space 33280K, 12% used [0x00000000d5580000,0x00000000d5968350,0x00000000d7600000)
  from space 5120K, 99% used [0x00000000d7600000,0x00000000d7af8020,0x00000000d7b00000)
  to   space 10240K, 0% used [0x00000000da080000,0x00000000da080000,0x00000000daa80000)
 ParOldGen       total 87552K, used 6932K [0x0000000080000000, 0x0000000085580000, 0x00000000d5580000)
  object space 87552K, 7% used [0x0000000080000000,0x00000000806c5338,0x0000000085580000)
 Metaspace       used 18216K, capacity 18806K, committed 19200K, reserved 1064960K
  class space    used 2501K, capacity 2703K, committed 2816K, reserved 1048576K

Card table byte_map: [0x00000000118d0000,0x0000000011ce0000] byte_map_base: 0x00000000114d0000

Marking Bits: (ParMarkBitMap*) 0x00000000557ff030
 Begin Bits: [0x0000000012790000, 0x0000000014790000)
 End Bits:   [0x0000000014790000, 0x0000000016790000)

Polling page: 0x0000000000560000

CodeCache: size=245760Kb used=5675Kb max_used=5687Kb free=240084Kb
 bounds [0x0000000002510000, 0x0000000002ab0000, 0x0000000011510000]
 total_blobs=2033 nmethods=1627 adapters=319
 compilation: enabled

Compilation events (10 events):
Event: 3.936 Thread 0x0000000019392000 nmethod 1629 0x0000000002a9d910 code [0x0000000002a9dc60, 0x0000000002a9ff18]
Event: 3.936 Thread 0x0000000019392000 1631       3       sun.misc.ProxyGenerator::access$700 (7 bytes)
Event: 3.937 Thread 0x0000000019392000 nmethod 1631 0x0000000002a9ac90 code [0x0000000002a9ae00, 0x0000000002a9afe8]
Event: 3.937 Thread 0x0000000019392000 1630       3       sun.reflect.generics.tree.ClassTypeSignature::accept (8 bytes)
Event: 3.937 Thread 0x0000000019392000 nmethod 1630 0x0000000002a9a850 code [0x0000000002a9a9c0, 0x0000000002a9aba8]
Event: 3.938 Thread 0x0000000019385800 nmethod 1626 0x0000000002a98950 code [0x0000000002a98ac0, 0x0000000002a99050]
Event: 3.938 Thread 0x0000000019385800 1627   !   4       java.lang.ref.ReferenceQueue::remove (125 bytes)
Event: 3.944 Thread 0x0000000019385800 nmethod 1627 0x0000000002a99a10 code [0x0000000002a99ba0, 0x0000000002a9a2d0]
Event: 3.944 Thread 0x0000000019385800 1624       4       java.lang.ReflectiveOperationException::<init> (7 bytes)
Event: 3.947 Thread 0x0000000019385800 nmethod 1624 0x0000000002a99350 code [0x0000000002a994a0, 0x0000000002a99808]

GC Heap History (10 events):
Event: 0.997 GC heap before
{Heap before GC invocations=1 (full 0):
 PSYoungGen      total 38400K, used 33280K [0x00000000d5580000, 0x00000000d8000000, 0x0000000100000000)
  eden space 33280K, 100% used [0x00000000d5580000,0x00000000d7600000,0x00000000d7600000)
  from space 5120K, 0% used [0x00000000d7b00000,0x00000000d7b00000,0x00000000d8000000)
  to   space 5120K, 0% used [0x00000000d7600000,0x00000000d7600000,0x00000000d7b00000)
 ParOldGen       total 87552K, used 0K [0x0000000080000000, 0x0000000085580000, 0x00000000d5580000)
  object space 87552K, 0% used [0x0000000080000000,0x0000000080000000,0x0000000085580000)
 Metaspace       used 7200K, capacity 7438K, committed 7680K, reserved 1056768K
  class space    used 890K, capacity 973K, committed 1024K, reserved 1048576K
Event: 1.002 GC heap after
Heap after GC invocations=1 (full 0):
 PSYoungGen      total 38400K, used 4487K [0x00000000d5580000, 0x00000000d8000000, 0x0000000100000000)
  eden space 33280K, 0% used [0x00000000d5580000,0x00000000d5580000,0x00000000d7600000)
  from space 5120K, 87% used [0x00000000d7600000,0x00000000d7a61d80,0x00000000d7b00000)
  to   space 5120K, 0% used [0x00000000d7b00000,0x00000000d7b00000,0x00000000d8000000)
 ParOldGen       total 87552K, used 16K [0x0000000080000000, 0x0000000085580000, 0x00000000d5580000)
  object space 87552K, 0% used [0x0000000080000000,0x0000000080004000,0x0000000085580000)
 Metaspace       used 7200K, capacity 7438K, committed 7680K, reserved 1056768K
  class space    used 890K, capacity 973K, committed 1024K, reserved 1048576K
}
Event: 1.252 GC heap before
{Heap before GC invocations=2 (full 0):
 PSYoungGen      total 38400K, used 37767K [0x00000000d5580000, 0x00000000d8000000, 0x0000000100000000)
  eden space 33280K, 100% used [0x00000000d5580000,0x00000000d7600000,0x00000000d7600000)
  from space 5120K, 87% used [0x00000000d7600000,0x00000000d7a61d80,0x00000000d7b00000)
  to   space 5120K, 0% used [0x00000000d7b00000,0x00000000d7b00000,0x00000000d8000000)
 ParOldGen       total 87552K, used 16K [0x0000000080000000, 0x0000000085580000, 0x00000000d5580000)
  object space 87552K, 0% used [0x0000000080000000,0x0000000080004000,0x0000000085580000)
 Metaspace       used 7459K, capacity 7750K, committed 7936K, reserved 1056768K
  class space    used 915K, capacity 1013K, committed 1024K, reserved 1048576K
Event: 1.255 GC heap after
Heap after GC invocations=2 (full 0):
 PSYoungGen      total 38400K, used 3341K [0x00000000d5580000, 0x00000000d8000000, 0x0000000100000000)
  eden space 33280K, 0% used [0x00000000d5580000,0x00000000d5580000,0x00000000d7600000)
  from space 5120K, 65% used [0x00000000d7b00000,0x00000000d7e437e0,0x00000000d8000000)
  to   space 5120K, 0% used [0x00000000d7600000,0x00000000d7600000,0x00000000d7b00000)
 ParOldGen       total 87552K, used 24K [0x0000000080000000, 0x0000000085580000, 0x00000000d5580000)
  object space 87552K, 0% used [0x0000000080000000,0x0000000080006000,0x0000000085580000)
 Metaspace       used 7459K, capacity 7750K, committed 7936K, reserved 1056768K
  class space    used 915K, capacity 1013K, committed 1024K, reserved 1048576K
}
Event: 3.031 GC heap before
{Heap before GC invocations=3 (full 0):
 PSYoungGen      total 38400K, used 36621K [0x00000000d5580000, 0x00000000d8000000, 0x0000000100000000)
  eden space 33280K, 100% used [0x00000000d5580000,0x00000000d7600000,0x00000000d7600000)
  from space 5120K, 65% used [0x00000000d7b00000,0x00000000d7e437e0,0x00000000d8000000)
  to   space 5120K, 0% used [0x00000000d7600000,0x00000000d7600000,0x00000000d7b00000)
 ParOldGen       total 87552K, used 24K [0x0000000080000000, 0x0000000085580000, 0x00000000d5580000)
  object space 87552K, 0% used [0x0000000080000000,0x0000000080006000,0x0000000085580000)
 Metaspace       used 12147K, capacity 12564K, committed 12800K, reserved 1060864K
  class space    used 1622K, capacity 1738K, committed 1792K, reserved 1048576K
Event: 3.039 GC heap after
Heap after GC invocations=3 (full 0):
 PSYoungGen      total 38400K, used 5104K [0x00000000d5580000, 0x00000000d8000000, 0x0000000100000000)
  eden space 33280K, 0% used [0x00000000d5580000,0x00000000d5580000,0x00000000d7600000)
  from space 5120K, 99% used [0x00000000d7600000,0x00000000d7afc030,0x00000000d7b00000)
  to   space 5120K, 0% used [0x00000000d7b00000,0x00000000d7b00000,0x00000000d8000000)
 ParOldGen       total 87552K, used 1249K [0x0000000080000000, 0x0000000085580000, 0x00000000d5580000)
  object space 87552K, 1% used [0x0000000080000000,0x00000000801387f8,0x0000000085580000)
 Metaspace       used 12147K, capacity 12564K, committed 12800K, reserved 1060864K
  class space    used 1622K, capacity 1738K, committed 1792K, reserved 1048576K
}
Event: 3.496 GC heap before
{Heap before GC invocations=4 (full 0):
 PSYoungGen      total 38400K, used 38384K [0x00000000d5580000, 0x00000000d8000000, 0x0000000100000000)
  eden space 33280K, 100% used [0x00000000d5580000,0x00000000d7600000,0x00000000d7600000)
  from space 5120K, 99% used [0x00000000d7600000,0x00000000d7afc030,0x00000000d7b00000)
  to   space 5120K, 0% used [0x00000000d7b00000,0x00000000d7b00000,0x00000000d8000000)
 ParOldGen       total 87552K, used 1249K [0x0000000080000000, 0x0000000085580000, 0x00000000d5580000)
  object space 87552K, 1% used [0x0000000080000000,0x00000000801387f8,0x0000000085580000)
 Metaspace       used 15320K, capacity 15822K, committed 16128K, reserved 1062912K
  class space    used 2026K, capacity 2197K, committed 2304K, reserved 1048576K
Event: 3.504 GC heap after
Heap after GC invocations=4 (full 0):
 PSYoungGen      total 38400K, used 5104K [0x00000000d5580000, 0x00000000d8000000, 0x0000000100000000)
  eden space 33280K, 0% used [0x00000000d5580000,0x00000000d5580000,0x00000000d7600000)
  from space 5120K, 99% used [0x00000000d7b00000,0x00000000d7ffc050,0x00000000d8000000)
  to   space 5120K, 0% used [0x00000000d7600000,0x00000000d7600000,0x00000000d7b00000)
 ParOldGen       total 87552K, used 3667K [0x0000000080000000, 0x0000000085580000, 0x00000000d5580000)
  object space 87552K, 4% used [0x0000000080000000,0x0000000080394d38,0x0000000085580000)
 Metaspace       used 15320K, capacity 15822K, committed 16128K, reserved 1062912K
  class space    used 2026K, capacity 2197K, committed 2304K, reserved 1048576K
}
Event: 3.904 GC heap before
{Heap before GC invocations=5 (full 0):
 PSYoungGen      total 38400K, used 38384K [0x00000000d5580000, 0x00000000d8000000, 0x0000000100000000)
  eden space 33280K, 100% used [0x00000000d5580000,0x00000000d7600000,0x00000000d7600000)
  from space 5120K, 99% used [0x00000000d7b00000,0x00000000d7ffc050,0x00000000d8000000)
  to   space 5120K, 0% used [0x00000000d7600000,0x00000000d7600000,0x00000000d7b00000)
 ParOldGen       total 87552K, used 3667K [0x0000000080000000, 0x0000000085580000, 0x00000000d5580000)
  object space 87552K, 4% used [0x0000000080000000,0x0000000080394d38,0x0000000085580000)
 Metaspace       used 17841K, capacity 18454K, committed 18560K, reserved 1064960K
  class space    used 2450K, capacity 2671K, committed 2688K, reserved 1048576K
Event: 3.913 GC heap after
Heap after GC invocations=5 (full 0):
 PSYoungGen      total 38400K, used 5088K [0x00000000d5580000, 0x00000000daa80000, 0x0000000100000000)
  eden space 33280K, 0% used [0x00000000d5580000,0x00000000d5580000,0x00000000d7600000)
  from space 5120K, 99% used [0x00000000d7600000,0x00000000d7af8020,0x00000000d7b00000)
  to   space 10240K, 0% used [0x00000000da080000,0x00000000da080000,0x00000000daa80000)
 ParOldGen       total 87552K, used 6932K [0x0000000080000000, 0x0000000085580000, 0x00000000d5580000)
  object space 87552K, 7% used [0x0000000080000000,0x00000000806c5338,0x0000000085580000)
 Metaspace       used 17841K, capacity 18454K, committed 18560K, reserved 1064960K
  class space    used 2450K, capacity 2671K, committed 2688K, reserved 1048576K
}

Deoptimization events (10 events):
Event: 3.395 Thread 0x000000001be44800 Uncommon trap: reason=class_check action=maybe_recompile pc=0x0000000002835498 method=java.util.regex.Matcher.match(II)Z @ 86
Event: 3.396 Thread 0x000000001be44800 Uncommon trap: reason=class_check action=maybe_recompile pc=0x0000000002835498 method=java.util.regex.Matcher.match(II)Z @ 86
Event: 3.397 Thread 0x000000001be44800 Uncommon trap: reason=class_check action=maybe_recompile pc=0x00000000026c9d0c method=java.util.regex.Matcher.match(II)Z @ 86
Event: 3.518 Thread 0x000000001be44800 Uncommon trap: reason=unstable_if action=reinterpret pc=0x000000000282bb8c method=java.io.File.getName()Ljava/lang/String; @ 16
Event: 3.744 Thread 0x000000001be44800 Uncommon trap: reason=unstable_if action=reinterpret pc=0x0000000002826b70 method=java.util.LinkedHashMap.afterNodeInsertion(Z)V @ 1
Event: 3.746 Thread 0x000000001be44800 Uncommon trap: reason=unstable_if action=reinterpret pc=0x0000000002769484 method=java.util.HashMap.getNode(ILjava/lang/Object;)Ljava/util/HashMap$Node; @ 129
Event: 3.746 Thread 0x000000001be44800 Uncommon trap: reason=bimorphic action=maybe_recompile pc=0x00000000029bb910 method=java.util.HashMap.putVal(ILjava/lang/Object;Ljava/lang/Object;ZZ)Ljava/lang/Object; @ 203
Event: 3.750 Thread 0x000000001be44800 Uncommon trap: reason=unstable_if action=reinterpret pc=0x000000000275dfc8 method=java.util.HashMap.getNode(ILjava/lang/Object;)Ljava/util/HashMap$Node; @ 129
Event: 3.750 Thread 0x000000001be44800 Uncommon trap: reason=bimorphic action=maybe_recompile pc=0x00000000029bb910 method=java.util.HashMap.putVal(ILjava/lang/Object;Ljava/lang/Object;ZZ)Ljava/lang/Object; @ 203
Event: 3.899 Thread 0x000000001be44800 Uncommon trap: reason=unstable_if action=reinterpret pc=0x0000000002a202cc method=java.util.jar.Attributes$Name.isDigit(C)Z @ 3

Classes redefined (0 events):
No events

Internal exceptions (10 events):
Event: 2.965 Thread 0x000000001be19000 Exception <a 'java/lang/NoSuchMethodError': <clinit>> (0x00000000d73c19b0) thrown at [C:\src\AOSP-openjdk-git\hotspot\src\share\vm\prims\jni.cpp, line 1615]
Event: 2.968 Thread 0x000000001be19000 Exception <a 'java/lang/NoSuchMethodError': <clinit>> (0x00000000d73d7d50) thrown at [C:\src\AOSP-openjdk-git\hotspot\src\share\vm\prims\jni.cpp, line 1615]
Event: 2.988 Thread 0x000000001be19000 Exception <a 'java/lang/NoSuchMethodError': <clinit>> (0x00000000d74526c8) thrown at [C:\src\AOSP-openjdk-git\hotspot\src\share\vm\prims\jni.cpp, line 1615]
Event: 2.995 Thread 0x000000001be19000 Exception <a 'java/lang/NoSuchMethodError': <clinit>> (0x00000000d7481e18) thrown at [C:\src\AOSP-openjdk-git\hotspot\src\share\vm\prims\jni.cpp, line 1615]
Event: 3.004 Thread 0x000000001be19000 Exception <a 'java/lang/NoSuchMethodError': <clinit>> (0x00000000d74b03e0) thrown at [C:\src\AOSP-openjdk-git\hotspot\src\share\vm\prims\jni.cpp, line 1615]
Event: 3.007 Thread 0x000000001be19000 Exception <a 'java/lang/NoSuchMethodError': <clinit>> (0x00000000d74bc858) thrown at [C:\src\AOSP-openjdk-git\hotspot\src\share\vm\prims\jni.cpp, line 1615]
Event: 3.559 Thread 0x000000001be44800 Exception <a 'java/lang/NoSuchMethodError': java.lang.Object.lambda$and$0(Ljava/util/function/Predicate;Ljava/lang/Object;)Z> (0x00000000d57efc88) thrown at [C:\src\AOSP-openjdk-git\hotspot\src\share\vm\interpreter\linkResolver.cpp, line 620]
Event: 3.566 Thread 0x000000001be44800 Exception <a 'java/lang/IncompatibleClassChangeError': Found class java.lang.Object, but interface was expected> (0x00000000d57fff80) thrown at [C:\src\AOSP-openjdk-git\hotspot\src\share\vm\interpreter\linkResolver.cpp, line 653]
Event: 3.569 Thread 0x000000001be44800 Exception <a 'java/lang/NoSuchMethodError': java.lang.Object.lambda$or$2(Ljava/util/function/Predicate;Ljava/lang/Object;)Z> (0x00000000d5804ad0) thrown at [C:\src\AOSP-openjdk-git\hotspot\src\share\vm\interpreter\linkResolver.cpp, line 620]
Event: 3.800 Thread 0x000000001be44800 Exception <a 'java/lang/NoSuchMethodError': java.lang.Object.lambda$static$0(Lorg/gradle/internal/state/ModelObject;)Ljava/lang/String;> (0x00000000d6f8dc28) thrown at [C:\src\AOSP-openjdk-git\hotspot\src\share\vm\interpreter\linkResolver.cpp, line 620]

Events (10 events):
Event: 3.945 loading class org/gradle/internal/extensibility/ExtensibleDynamicObject
Event: 3.945 loading class org/gradle/internal/extensibility/ExtensibleDynamicObject done
Event: 3.946 loading class org/gradle/internal/extensibility/MixInClosurePropertiesAsMethodsDynamicObject
Event: 3.946 loading class org/gradle/internal/extensibility/MixInClosurePropertiesAsMethodsDynamicObject done
Event: 3.946 loading class org/gradle/internal/metaobject/CompositeDynamicObject
Event: 3.946 loading class org/gradle/internal/metaobject/CompositeDynamicObject done
Event: 3.946 loading class org/gradle/internal/metaobject/BeanDynamicObject
Event: 3.946 loading class org/gradle/internal/metaobject/BeanDynamicObject done
Event: 3.947 loading class org/gradle/util/ConfigureUtil
Event: 3.947 loading class org/gradle/util/ConfigureUtil done


Dynamic libraries:
0x00007ff626eb0000 - 0x00007ff626ee1000 	C:\Program Files\Android\Android Studio\jre\bin\java.exe
0x00007ffc3f520000 - 0x00007ffc3f710000 	C:\WINDOWS\SYSTEM32\ntdll.dll
0x00007ffc3eb60000 - 0x00007ffc3ec12000 	C:\WINDOWS\System32\KERNEL32.DLL
0x00007ffc3d2a0000 - 0x00007ffc3d545000 	C:\WINDOWS\System32\KERNELBASE.dll
0x00007ffc3f3b0000 - 0x00007ffc3f453000 	C:\WINDOWS\System32\ADVAPI32.dll
0x00007ffc3d5d0000 - 0x00007ffc3d66e000 	C:\WINDOWS\System32\msvcrt.dll
0x00007ffc3efb0000 - 0x00007ffc3f047000 	C:\WINDOWS\System32\sechost.dll
0x00007ffc3d670000 - 0x00007ffc3d790000 	C:\WINDOWS\System32\RPCRT4.dll
0x00007ffc3ec20000 - 0x00007ffc3edb4000 	C:\WINDOWS\System32\USER32.dll
0x00007ffc3d1d0000 - 0x00007ffc3d1f1000 	C:\WINDOWS\System32\win32u.dll
0x00007ffc3e0a0000 - 0x00007ffc3e0c6000 	C:\WINDOWS\System32\GDI32.dll
0x00007ffc3cfe0000 - 0x00007ffc3d176000 	C:\WINDOWS\System32\gdi32full.dll
0x00007ffc3d200000 - 0x00007ffc3d29e000 	C:\WINDOWS\System32\msvcp_win.dll
0x00007ffc3ce30000 - 0x00007ffc3cf2a000 	C:\WINDOWS\System32\ucrtbase.dll
0x00007ffc311a0000 - 0x00007ffc31424000 	C:\WINDOWS\WinSxS\amd64_microsoft.windows.common-controls_6595b64144ccf1df_6.0.18362.1139_none_9e7bf2d3e4605ac6\COMCTL32.dll
0x00007ffc3dd60000 - 0x00007ffc3e095000 	C:\WINDOWS\System32\combase.dll
0x00007ffc3d550000 - 0x00007ffc3d5d0000 	C:\WINDOWS\System32\bcryptPrimitives.dll
0x00007ffc3f380000 - 0x00007ffc3f3ae000 	C:\WINDOWS\System32\IMM32.DLL
0x0000000054d70000 - 0x0000000054e42000 	C:\Program Files\Android\Android Studio\jre\jre\bin\msvcr100.dll
0x0000000055030000 - 0x000000005587b000 	C:\Program Files\Android\Android Studio\jre\jre\bin\server\jvm.dll
0x00007ffc3e1e0000 - 0x00007ffc3e1e8000 	C:\WINDOWS\System32\PSAPI.DLL
0x00007ffc39bd0000 - 0x00007ffc39bf4000 	C:\WINDOWS\SYSTEM32\WINMM.dll
0x00007ffc37170000 - 0x00007ffc3717a000 	C:\WINDOWS\SYSTEM32\VERSION.dll
0x00007ffc2a2e0000 - 0x00007ffc2a2e9000 	C:\WINDOWS\SYSTEM32\WSOCK32.dll
0x00007ffc3f050000 - 0x00007ffc3f0bf000 	C:\WINDOWS\System32\WS2_32.dll
0x00007ffc39ac0000 - 0x00007ffc39aed000 	C:\WINDOWS\SYSTEM32\WINMMBASE.dll
0x00007ffc3d180000 - 0x00007ffc3d1ca000 	C:\WINDOWS\System32\cfgmgr32.dll
0x00007ffc387f0000 - 0x00007ffc387ff000 	C:\Program Files\Android\Android Studio\jre\jre\bin\verify.dll
0x00007ffc2c860000 - 0x00007ffc2c889000 	C:\Program Files\Android\Android Studio\jre\jre\bin\java.dll
0x00007ffc2fea0000 - 0x00007ffc2feb6000 	C:\Program Files\Android\Android Studio\jre\jre\bin\zip.dll
0x00007ffc3e460000 - 0x00007ffc3eb47000 	C:\WINDOWS\System32\SHELL32.dll
0x00007ffc3f0c0000 - 0x00007ffc3f169000 	C:\WINDOWS\System32\shcore.dll
0x00007ffc3c6b0000 - 0x00007ffc3ce30000 	C:\WINDOWS\System32\windows.storage.dll
0x00007ffc3c480000 - 0x00007ffc3c4a3000 	C:\WINDOWS\System32\profapi.dll
0x00007ffc3c3f0000 - 0x00007ffc3c43a000 	C:\WINDOWS\System32\powrprof.dll
0x00007ffc3c3e0000 - 0x00007ffc3c3f0000 	C:\WINDOWS\System32\UMPDC.dll
0x00007ffc3e3a0000 - 0x00007ffc3e3f2000 	C:\WINDOWS\System32\shlwapi.dll
0x00007ffc3c460000 - 0x00007ffc3c471000 	C:\WINDOWS\System32\kernel.appcore.dll
0x00007ffc3c4b0000 - 0x00007ffc3c4c7000 	C:\WINDOWS\System32\cryptsp.dll
0x00007ffc2f060000 - 0x00007ffc2f07a000 	C:\Program Files\Android\Android Studio\jre\jre\bin\net.dll
0x00007ffc3bc30000 - 0x00007ffc3bc97000 	C:\WINDOWS\system32\mswsock.dll
0x00007ffc2ef10000 - 0x00007ffc2ef23000 	C:\Program Files\Android\Android Studio\jre\jre\bin\nio.dll
0x00007ffc241f0000 - 0x00007ffc24217000 	C:\Users\yantos\.gradle\native\f6784746aeab05261644944871eae4fe03e0ef1612fff0a4a95f87b438bc6780\windows-amd64\native-platform.dll
0x00007ffc2ef70000 - 0x00007ffc2ef7d000 	C:\Program Files\Android\Android Studio\jre\jre\bin\management.dll
0x00007ffc3b7a0000 - 0x00007ffc3b7d3000 	C:\WINDOWS\system32\rsaenh.dll
0x00007ffc3c4d0000 - 0x00007ffc3c4f6000 	C:\WINDOWS\System32\bcrypt.dll
0x00007ffc3c2c0000 - 0x00007ffc3c2e5000 	C:\WINDOWS\SYSTEM32\USERENV.dll
0x00007ffc3be00000 - 0x00007ffc3be0c000 	C:\WINDOWS\SYSTEM32\CRYPTBASE.dll
0x00007ffc3b940000 - 0x00007ffc3b97a000 	C:\WINDOWS\SYSTEM32\IPHLPAPI.DLL
0x00007ffc3eb50000 - 0x00007ffc3eb58000 	C:\WINDOWS\System32\NSI.dll
0x00007ffc30df0000 - 0x00007ffc30e06000 	C:\WINDOWS\SYSTEM32\dhcpcsvc6.DLL
0x00007ffc30da0000 - 0x00007ffc30dbc000 	C:\WINDOWS\SYSTEM32\dhcpcsvc.DLL
0x00007ffc3b980000 - 0x00007ffc3ba4b000 	C:\WINDOWS\SYSTEM32\DNSAPI.dll
0x00007ffc30ca0000 - 0x00007ffc30cab000 	C:\WINDOWS\SYSTEM32\WINNSI.DLL

VM Arguments:
jvm_args: -Xmx2048m -Dfile.encoding=UTF-8 -Duser.country=US -Duser.language=en -Duser.variant 
java_command: org.gradle.launcher.daemon.bootstrap.GradleDaemon 6.5
java_class_path (initial): C:\Users\yantos\.gradle\wrapper\dists\gradle-6.5-bin\6nifqtx7604sqp1q6g8wikw7p\gradle-6.5\lib\gradle-launcher-6.5.jar
Launcher Type: SUN_STANDARD

Environment Variables:
JAVA_HOME=C:\Program Files\Java\jdk1.8.0_251
JRE_HOME=C:\Program Files\Java\jre1.8.0_251
CLASSPATH=E:\Nabila-sama\Software\slf4j.jar
USERNAME=yantos
OS=Windows_NT
PROCESSOR_IDENTIFIER=Intel64 Family 6 Model 142 Stepping 10, GenuineIntel



---------------  S Y S T E M  ---------------

OS: Windows 10.0 , 64 bit Build 18362 (10.0.18362.1110)

CPU:total 8 (initial active 8) (4 cores per cpu, 2 threads per core) family 6 model 142 stepping 10, cmov, cx8, fxsr, mmx, sse, sse2, sse3, ssse3, sse4.1, sse4.2, popcnt, avx, avx2, aes, clmul, erms, 3dnowpref, lzcnt, ht, tsc, tscinvbit, bmi1, bmi2, adx

Memory: 4k page, physical 8272436k(1597384k free), swap 10320436k(9524k free)

vm_info: OpenJDK 64-Bit Server VM (25.242-b01) for windows-amd64 JRE (1.8.0_242-release-1644-b01), built by "builder" with MS VC++ 10.0 (VS2010)

time: Sat Oct 31 21:06:37 2020
timezone: SE Asia Standard Time
elapsed time: 3 seconds (0d 0h 0m 3s)

